0 info it worked if it ends with ok
1 verbose cli [ '/usr/local/bin/node',
1 verbose cli   '/usr/local/bin/npm',
1 verbose cli   'install',
1 verbose cli   'grunt',
1 verbose cli   '-g' ]
2 info using npm@2.14.4
3 info using node@v4.1.1
4 verbose install initial load of /usr/local/lib/package.json
5 verbose readDependencies loading dependencies from /usr/local/lib/package.json
6 silly cache add args [ 'grunt', null ]
7 verbose cache add spec grunt
8 silly cache add parsed spec Result {
8 silly cache add   raw: 'grunt',
8 silly cache add   scope: null,
8 silly cache add   name: 'grunt',
8 silly cache add   rawSpec: '',
8 silly cache add   spec: '*',
8 silly cache add   type: 'range' }
9 silly addNamed grunt@*
10 verbose addNamed "*" is a valid semver range for grunt
11 silly addNameRange { name: 'grunt', range: '*', hasData: false }
12 silly mapToRegistry name grunt
13 silly mapToRegistry using default registry
14 silly mapToRegistry registry https://registry.npmjs.org/
15 silly mapToRegistry uri https://registry.npmjs.org/grunt
16 verbose addNameRange registry:https://registry.npmjs.org/grunt not in flight; fetching
17 verbose request uri https://registry.npmjs.org/grunt
18 verbose request no auth needed
19 info attempt registry request try #1 at 11:40:39 PM
20 verbose request id 2cac140190563c6c
21 verbose etag "CIDGJC6RK8Z43FDPD64VIEDKT"
22 http request GET https://registry.npmjs.org/grunt
23 http 304 https://registry.npmjs.org/grunt
24 silly get cb [ 304,
24 silly get   { date: 'Sat, 26 Sep 2015 03:40:40 GMT',
24 silly get     via: '1.1 varnish',
24 silly get     'cache-control': 'max-age=60',
24 silly get     etag: '"CIDGJC6RK8Z43FDPD64VIEDKT"',
24 silly get     age: '9',
24 silly get     connection: 'keep-alive',
24 silly get     'x-served-by': 'cache-iad2142-IAD',
24 silly get     'x-cache': 'HIT',
24 silly get     'x-cache-hits': '1',
24 silly get     'x-timer': 'S1443238840.679237,VS0,VE0',
24 silly get     vary: 'Accept' } ]
25 verbose etag https://registry.npmjs.org/grunt from cache
26 verbose get saving grunt to /Users/surajsinha/.npm/registry.npmjs.org/grunt/.cache.json
27 silly addNameRange number 2 { name: 'grunt', range: '*', hasData: true }
28 silly addNameRange versions [ 'grunt',
28 silly addNameRange   [ '0.1.0',
28 silly addNameRange     '0.1.1',
28 silly addNameRange     '0.1.2',
28 silly addNameRange     '0.2.0',
28 silly addNameRange     '0.2.1',
28 silly addNameRange     '0.2.2',
28 silly addNameRange     '0.2.3',
28 silly addNameRange     '0.2.4',
28 silly addNameRange     '0.2.5',
28 silly addNameRange     '0.2.6',
28 silly addNameRange     '0.2.7',
28 silly addNameRange     '0.2.8',
28 silly addNameRange     '0.2.9',
28 silly addNameRange     '0.2.10',
28 silly addNameRange     '0.2.11',
28 silly addNameRange     '0.2.12',
28 silly addNameRange     '0.2.13',
28 silly addNameRange     '0.2.14',
28 silly addNameRange     '0.2.15',
28 silly addNameRange     '0.3.0',
28 silly addNameRange     '0.3.1',
28 silly addNameRange     '0.3.2',
28 silly addNameRange     '0.3.3',
28 silly addNameRange     '0.3.4',
28 silly addNameRange     '0.3.5',
28 silly addNameRange     '0.3.6',
28 silly addNameRange     '0.3.7',
28 silly addNameRange     '0.3.8',
28 silly addNameRange     '0.3.9',
28 silly addNameRange     '0.3.10',
28 silly addNameRange     '0.3.11',
28 silly addNameRange     '0.3.12',
28 silly addNameRange     '0.3.13',
28 silly addNameRange     '0.3.14',
28 silly addNameRange     '0.3.15',
28 silly addNameRange     '0.3.16',
28 silly addNameRange     '0.3.17',
28 silly addNameRange     '0.4.0',
28 silly addNameRange     '0.4.1',
28 silly addNameRange     '0.4.2',
28 silly addNameRange     '0.4.3',
28 silly addNameRange     '0.4.4',
28 silly addNameRange     '0.4.5',
28 silly addNameRange     '0.3.13-a',
28 silly addNameRange     '0.4.0-a',
28 silly addNameRange     '0.4.0-rc1',
28 silly addNameRange     '0.4.0-rc2',
28 silly addNameRange     '0.4.0-rc3',
28 silly addNameRange     '0.4.0-rc4',
28 silly addNameRange     '0.4.0-rc5',
28 silly addNameRange     '0.4.0-rc6',
28 silly addNameRange     '0.4.0-rc7',
28 silly addNameRange     '0.4.0-rc8' ] ]
29 silly addNamed grunt@0.4.5
30 verbose addNamed "0.4.5" is a plain semver version for grunt
31 silly cache afterAdd grunt@0.4.5
32 verbose afterAdd /Users/surajsinha/.npm/grunt/0.4.5/package/package.json not in flight; writing
33 verbose afterAdd /Users/surajsinha/.npm/grunt/0.4.5/package/package.json written
34 silly install resolved [ { name: 'grunt',
34 silly install resolved     description: 'The JavaScript Task Runner',
34 silly install resolved     version: '0.4.5',
34 silly install resolved     author: { name: '"Cowboy" Ben Alman', url: 'http://benalman.com/' },
34 silly install resolved     homepage: 'http://gruntjs.com/',
34 silly install resolved     repository: { type: 'git', url: 'git://github.com/gruntjs/grunt.git' },
34 silly install resolved     bugs: { url: 'http://github.com/gruntjs/grunt/issues' },
34 silly install resolved     licenses: [ [Object] ],
34 silly install resolved     main: 'lib/grunt',
34 silly install resolved     scripts: { test: 'grunt test' },
34 silly install resolved     engines: { node: '>= 0.8.0' },
34 silly install resolved     keywords:
34 silly install resolved      [ 'task',
34 silly install resolved        'async',
34 silly install resolved        'cli',
34 silly install resolved        'minify',
34 silly install resolved        'uglify',
34 silly install resolved        'build',
34 silly install resolved        'lodash',
34 silly install resolved        'unit',
34 silly install resolved        'test',
34 silly install resolved        'qunit',
34 silly install resolved        'nodeunit',
34 silly install resolved        'server',
34 silly install resolved        'init',
34 silly install resolved        'scaffold',
34 silly install resolved        'make',
34 silly install resolved        'jake',
34 silly install resolved        'tool' ],
34 silly install resolved     dependencies:
34 silly install resolved      { async: '~0.1.22',
34 silly install resolved        'coffee-script': '~1.3.3',
34 silly install resolved        colors: '~0.6.2',
34 silly install resolved        dateformat: '1.0.2-1.2.3',
34 silly install resolved        eventemitter2: '~0.4.13',
34 silly install resolved        'findup-sync': '~0.1.2',
34 silly install resolved        glob: '~3.1.21',
34 silly install resolved        hooker: '~0.2.3',
34 silly install resolved        'iconv-lite': '~0.2.11',
34 silly install resolved        minimatch: '~0.2.12',
34 silly install resolved        nopt: '~1.0.10',
34 silly install resolved        rimraf: '~2.2.8',
34 silly install resolved        lodash: '~0.9.2',
34 silly install resolved        'underscore.string': '~2.2.1',
34 silly install resolved        which: '~1.0.5',
34 silly install resolved        'js-yaml': '~2.0.5',
34 silly install resolved        exit: '~0.1.1',
34 silly install resolved        getobject: '~0.1.0',
34 silly install resolved        'grunt-legacy-util': '~0.2.0',
34 silly install resolved        'grunt-legacy-log': '~0.1.0' },
34 silly install resolved     devDependencies:
34 silly install resolved      { temporary: '~0.0.4',
34 silly install resolved        'grunt-contrib-jshint': '~0.6.4',
34 silly install resolved        'grunt-contrib-nodeunit': '~0.2.0',
34 silly install resolved        'grunt-contrib-watch': '~0.5.3',
34 silly install resolved        difflet: '~0.2.3',
34 silly install resolved        semver: '2.1.0',
34 silly install resolved        shelljs: '~0.2.5' },
34 silly install resolved     _id: 'grunt@0.4.5',
34 silly install resolved     dist:
34 silly install resolved      { shasum: '56937cd5194324adff6d207631832a9d6ba4e7f0',
34 silly install resolved        tarball: 'http://registry.npmjs.org/grunt/-/grunt-0.4.5.tgz' },
34 silly install resolved     _from: 'grunt@*',
34 silly install resolved     _npmVersion: '1.4.4',
34 silly install resolved     _npmUser: { name: 'cowboy', email: 'cowboy@rj3.net' },
34 silly install resolved     maintainers: [ [Object], [Object] ],
34 silly install resolved     directories: {},
34 silly install resolved     _shasum: '56937cd5194324adff6d207631832a9d6ba4e7f0',
34 silly install resolved     _resolved: 'https://registry.npmjs.org/grunt/-/grunt-0.4.5.tgz',
34 silly install resolved     readme: 'ERROR: No README data found!' } ]
35 info install grunt@0.4.5 into /usr/local/lib
36 info installOne grunt@0.4.5
37 verbose installOne of grunt to /usr/local/lib not in flight; installing
38 verbose lock using /Users/surajsinha/.npm/_locks/grunt-3732043049c4c2bf.lock for /usr/local/lib/node_modules/grunt
39 silly install write writing grunt 0.4.5 to /usr/local/lib/node_modules/grunt
40 verbose unbuild lib/node_modules/grunt
41 info preuninstall grunt@0.4.5
42 info uninstall grunt@0.4.5
43 verbose unbuild rmStuff grunt@0.4.5 from /usr/local/lib/node_modules
44 info postuninstall grunt@0.4.5
45 silly gentlyRm /usr/local/lib/node_modules/grunt is being purged from base /usr/local
46 verbose gentlyRm don't care about contents; nuking /usr/local/lib/node_modules/grunt
47 silly vacuum-fs purging /usr/local/lib/node_modules/grunt
48 verbose unlock done using /Users/surajsinha/.npm/_locks/grunt-3732043049c4c2bf.lock for /usr/local/lib/node_modules/grunt
49 verbose stack Error: EACCES: permission denied, rmdir '/usr/local/lib/node_modules/grunt'
49 verbose stack     at Error (native)
50 verbose cwd /Users/surajsinha/GitHub/HackGT
51 error Darwin 14.4.0
52 error argv "/usr/local/bin/node" "/usr/local/bin/npm" "install" "grunt" "-g"
53 error node v4.1.1
54 error npm  v2.14.4
55 error path /usr/local/lib/node_modules/grunt
56 error code EACCES
57 error errno -13
58 error syscall rmdir
59 error Error: EACCES: permission denied, rmdir '/usr/local/lib/node_modules/grunt'
59 error     at Error (native)
59 error  { [Error: EACCES: permission denied, rmdir '/usr/local/lib/node_modules/grunt']
59 error   errno: -13,
59 error   code: 'EACCES',
59 error   syscall: 'rmdir',
59 error   path: '/usr/local/lib/node_modules/grunt' }
60 error Please try running this command again as root/Administrator.
61 verbose exit [ -13, true ]
62 verbose unbuild lib/node_modules/grunt
63 info preuninstall grunt@0.4.5
64 info uninstall grunt@0.4.5
65 verbose unbuild rmStuff grunt@0.4.5 from /usr/local/lib/node_modules
66 info postuninstall grunt@0.4.5
67 silly gentlyRm /usr/local/lib/node_modules/grunt is being purged from base /usr/local
68 verbose gentlyRm don't care about contents; nuking /usr/local/lib/node_modules/grunt
69 silly vacuum-fs purging /usr/local/lib/node_modules/grunt
70 error error rolling back Error: EACCES: permission denied, rmdir '/usr/local/lib/node_modules/grunt'
70 error error rolling back     at Error (native)
70 error error rolling back  { [Error: EACCES: permission denied, rmdir '/usr/local/lib/node_modules/grunt']
70 error error rolling back   errno: -13,
70 error error rolling back   code: 'EACCES',
70 error error rolling back   syscall: 'rmdir',
70 error error rolling back   path: '/usr/local/lib/node_modules/grunt' }
